This is pdfTeX, Version 3.14159265-2.6-1.40.17 (MiKTeX 2.9.6100 64-bit) (preloaded format=pdflatex 2016.12.7)  9 DEC 2016 22:54
entering extended mode
**./Projekt.tex
(Projekt.tex
LaTeX2e <2016/03/31> patch level 3
Babel <3.9r> and hyphenation patterns for 75 language(s) loaded.
("F:\Program Files\MiKTeX 2.9\tex\latex\base\book.cls"
Document Class: book 2014/09/29 v1.4h Standard LaTeX document class
("F:\Program Files\MiKTeX 2.9\tex\latex\base\bk12.clo"
File: bk12.clo 2014/09/29 v1.4h Standard LaTeX file (size option)
)
\c@part=\count79
\c@chapter=\count80
\c@section=\count81
\c@subsection=\count82
\c@subsubsection=\count83
\c@paragraph=\count84
\c@subparagraph=\count85
\c@figure=\count86
\c@table=\count87
\abovecaptionskip=\skip41
\belowcaptionskip=\skip42
\bibindent=\dimen102
)
("F:\Program Files\MiKTeX 2.9\tex\latex\graphics\graphicx.sty"
Package: graphicx 2014/10/28 v1.0g Enhanced LaTeX Graphics (DPC,SPQR)

("F:\Program Files\MiKTeX 2.9\tex\latex\graphics\keyval.sty"
Package: keyval 2014/10/28 v1.15 key=value parser (DPC)
\KV@toks@=\toks14
)
("F:\Program Files\MiKTeX 2.9\tex\latex\graphics\graphics.sty"
Package: graphics 2016/07/10 v1.0t Standard LaTeX Graphics (DPC,SPQR)

("F:\Program Files\MiKTeX 2.9\tex\latex\graphics\trig.sty"
Package: trig 2016/01/03 v1.10 sin cos tan (DPC)
)
("F:\Program Files\MiKTeX 2.9\tex\latex\graphics-cfg\graphics.cfg"
File: graphics.cfg 2016/06/04 v1.11 sample graphics configuration
)
Package graphics Info: Driver file: pdftex.def on input line 99.

("F:\Program Files\MiKTeX 2.9\tex\latex\graphics-def\pdftex.def"
File: pdftex.def 2016/07/10 v0.06j Graphics/color for pdfTeX

("F:\Program Files\MiKTeX 2.9\tex\generic\oberdiek\infwarerr.sty"
Package: infwarerr 2016/05/16 v1.4 Providing info/warning/error messages (HO)
)
("F:\Program Files\MiKTeX 2.9\tex\generic\oberdiek\ltxcmds.sty"
Package: ltxcmds 2016/05/16 v1.23 LaTeX kernel commands for general use (HO)
)
\Gread@gobject=\count88
))
\Gin@req@height=\dimen103
\Gin@req@width=\dimen104
)
("F:\Program Files\MiKTeX 2.9\tex\latex\amsmath\amsmath.sty"
Package: amsmath 2016/06/28 v2.15d AMS math features
\@mathmargin=\skip43

For additional information on amsmath, use the `?' option.
("F:\Program Files\MiKTeX 2.9\tex\latex\amsmath\amstext.sty"
Package: amstext 2000/06/29 v2.01 AMS text

("F:\Program Files\MiKTeX 2.9\tex\latex\amsmath\amsgen.sty"
File: amsgen.sty 1999/11/30 v2.0 generic functions
\@emptytoks=\toks15
\ex@=\dimen105
))
("F:\Program Files\MiKTeX 2.9\tex\latex\amsmath\amsbsy.sty"
Package: amsbsy 1999/11/29 v1.2d Bold Symbols
\pmbraise@=\dimen106
)
("F:\Program Files\MiKTeX 2.9\tex\latex\amsmath\amsopn.sty"
Package: amsopn 2016/03/08 v2.02 operator names
)
\inf@bad=\count89
LaTeX Info: Redefining \frac on input line 199.
\uproot@=\count90
\leftroot@=\count91
LaTeX Info: Redefining \overline on input line 297.
\classnum@=\count92
\DOTSCASE@=\count93
LaTeX Info: Redefining \ldots on input line 394.
LaTeX Info: Redefining \dots on input line 397.
LaTeX Info: Redefining \cdots on input line 518.
\Mathstrutbox@=\box26
\strutbox@=\box27
\big@size=\dimen107
LaTeX Font Info:    Redeclaring font encoding OML on input line 634.
LaTeX Font Info:    Redeclaring font encoding OMS on input line 635.
\macc@depth=\count94
\c@MaxMatrixCols=\count95
\dotsspace@=\muskip10
\c@parentequation=\count96
\dspbrk@lvl=\count97
\tag@help=\toks16
\row@=\count98
\column@=\count99
\maxfields@=\count100
\andhelp@=\toks17
\eqnshift@=\dimen108
\alignsep@=\dimen109
\tagshift@=\dimen110
\tagwidth@=\dimen111
\totwidth@=\dimen112
\lineht@=\dimen113
\@envbody=\toks18
\multlinegap=\skip44
\multlinetaggap=\skip45
\mathdisplay@stack=\toks19
LaTeX Info: Redefining \[ on input line 2739.
LaTeX Info: Redefining \] on input line 2740.
)
("F:\Program Files\MiKTeX 2.9\tex\latex\amsfonts\amssymb.sty"
Package: amssymb 2013/01/14 v3.01 AMS font symbols

("F:\Program Files\MiKTeX 2.9\tex\latex\amsfonts\amsfonts.sty"
Package: amsfonts 2013/01/14 v3.01 Basic AMSFonts support
\symAMSa=\mathgroup4
\symAMSb=\mathgroup5
LaTeX Font Info:    Overwriting math alphabet `\mathfrak' in version `bold'
(Font)                  U/euf/m/n --> U/euf/b/n on input line 106.
))
("F:\Program Files\MiKTeX 2.9\tex\latex\bbding\bbding.sty"
Package: bbding 1999/04/15 v1.01 Dingbats symbols
)
("F:\Program Files\MiKTeX 2.9\tex\latex\float\float.sty"
Package: float 2001/11/08 v1.3d Float enhancements (AL)
\c@float@type=\count101
\float@exts=\toks20
\float@box=\box28
\@float@everytoks=\toks21
\@floatcapt=\box29
)
\@float@every@table=\toks22

("F:\Program Files\MiKTeX 2.9\tex\latex\multirow\multirow.sty"
Package: multirow 2016/10/11 v2.1 Span multiple rows of a table
\multirow@colwidth=\skip46
\multirow@cnta=\count102
\multirow@cntb=\count103
\multirow@dima=\skip47
\bigstrutjot=\dimen114
) (Projekt.aux)
\openout1 = `Projekt.aux'.

LaTeX Font Info:    Checking defaults for OML/cmm/m/it on input line 13.
LaTeX Font Info:    ... okay on input line 13.
LaTeX Font Info:    Checking defaults for T1/cmr/m/n on input line 13.
LaTeX Font Info:    ... okay on input line 13.
LaTeX Font Info:    Checking defaults for OT1/cmr/m/n on input line 13.
LaTeX Font Info:    ... okay on input line 13.
LaTeX Font Info:    Checking defaults for OMS/cmsy/m/n on input line 13.
LaTeX Font Info:    ... okay on input line 13.
LaTeX Font Info:    Checking defaults for OMX/cmex/m/n on input line 13.
LaTeX Font Info:    ... okay on input line 13.
LaTeX Font Info:    Checking defaults for U/cmr/m/n on input line 13.
LaTeX Font Info:    ... okay on input line 13.

("F:\Program Files\MiKTeX 2.9\tex\context\base\supp-pdf.mkii"
[Loading MPS to PDF converter (version 2006.09.02).]
\scratchcounter=\count104
\scratchdimen=\dimen115
\scratchbox=\box30
\nofMPsegments=\count105
\nofMParguments=\count106
\everyMPshowfont=\toks23
\MPscratchCnt=\count107
\MPscratchDim=\dimen116
\MPnumerator=\count108
\makeMPintoPDFobject=\count109
\everyMPtoPDFconversion=\toks24
) ("F:\Program Files\MiKTeX 2.9\tex\generic\oberdiek\pdftexcmds.sty"
Package: pdftexcmds 2016/05/21 v0.22 Utility functions of pdfTeX for LuaTeX (HO
)

("F:\Program Files\MiKTeX 2.9\tex\generic\oberdiek\ifluatex.sty"
Package: ifluatex 2016/05/16 v1.4 Provides the ifluatex switch (HO)
Package ifluatex Info: LuaTeX not detected.
)
("F:\Program Files\MiKTeX 2.9\tex\generic\oberdiek\ifpdf.sty"
Package: ifpdf 2016/05/14 v3.1 Provides the ifpdf switch
)
Package pdftexcmds Info: LuaTeX not detected.
Package pdftexcmds Info: \pdf@primitive is available.
Package pdftexcmds Info: \pdf@ifprimitive is available.
Package pdftexcmds Info: \pdfdraftmode found.
)
("F:\Program Files\MiKTeX 2.9\tex\latex\oberdiek\epstopdf-base.sty"
Package: epstopdf-base 2016/05/15 v2.6 Base part for package epstopdf

("F:\Program Files\MiKTeX 2.9\tex\latex\oberdiek\grfext.sty"
Package: grfext 2016/05/16 v1.2 Manage graphics extensions (HO)

("F:\Program Files\MiKTeX 2.9\tex\generic\oberdiek\kvdefinekeys.sty"
Package: kvdefinekeys 2016/05/16 v1.4 Define keys (HO)
))
("F:\Program Files\MiKTeX 2.9\tex\latex\oberdiek\kvoptions.sty"
Package: kvoptions 2016/05/16 v3.12 Key value format for package options (HO)

("F:\Program Files\MiKTeX 2.9\tex\generic\oberdiek\kvsetkeys.sty"
Package: kvsetkeys 2016/05/16 v1.17 Key value parser (HO)

("F:\Program Files\MiKTeX 2.9\tex\generic\oberdiek\etexcmds.sty"
Package: etexcmds 2016/05/16 v1.6 Avoid name clashes with e-TeX commands (HO)
Package etexcmds Info: Could not find \expanded.
(etexcmds)             That can mean that you are not using pdfTeX 1.50 or
(etexcmds)             that some package has redefined \expanded.
(etexcmds)             In the latter case, load this package earlier.
)))
Package epstopdf-base Info: Redefining graphics rule for `.eps' on input line 4
38.
Package grfext Info: Graphics extension search list:
(grfext)             [.png,.pdf,.jpg,.mps,.jpeg,.jbig2,.jb2,.PNG,.PDF,.JPG,.JPE
G,.JBIG2,.JB2,.eps]
(grfext)             \AppendGraphicsExtensions on input line 456.
)
LaTeX Font Info:    Try loading font information for U+msa on input line 15.

("F:\Program Files\MiKTeX 2.9\tex\latex\amsfonts\umsa.fd"
File: umsa.fd 2013/01/14 v3.01 AMS symbols A
)
LaTeX Font Info:    Try loading font information for U+msb on input line 15.

("F:\Program Files\MiKTeX 2.9\tex\latex\amsfonts\umsb.fd"
File: umsb.fd 2013/01/14 v3.01 AMS symbols B
) [1


{C:/ProgramData/MiKTeX/2.9/pdftex/config/pdftex.map}] (Projekt.toc)
\tf@toc=\write3
\openout3 = `Projekt.toc'.

 [2

]
Chapter 1.
[3

]
Underfull \hbox (badness 10000) in paragraph at lines 26--28

 []

LaTeX Font Info:    Try loading font information for OMS+cmr on input line 30.
("F:\Program Files\MiKTeX 2.9\tex\latex\base\omscmr.fd"
File: omscmr.fd 2014/09/29 v2.5h Standard LaTeX font definitions
)
LaTeX Font Info:    Font shape `OMS/cmr/m/n' in size <12> not available
(Font)              Font shape `OMS/cmsy/m/n' tried instead on input line 30.
LaTeX Font Info:    Try loading font information for U+ding on input line 34.

("F:\Program Files\MiKTeX 2.9\tex\latex\bbding\uding.fd"
File: Uding.fd 1996/02/01 v1.0 BBding font definitions
) [4]
Overfull \hbox (2.13959pt too wide) in paragraph at lines 71--71
[]\OT1/cmr/m/n/12 Dodecahedron| 
 []

[5]
Underfull \hbox (badness 10000) in paragraph at lines 98--101

 []

<picture1.jpg, id=26, 308.352pt x 126.9543pt>
File: picture1.jpg Graphic file (type jpg)
 <use picture1.jpg>
Package pdftex.def Info: picture1.jpg used on input line 105.
(pdftex.def)             Requested size: 369.88582pt x 152.29208pt.
 [6 <./picture1.jpg>]
Chapter 2.

Overfull \hbox (0.84456pt too wide) in paragraph at lines 110--111
[]\OT1/cmr/m/n/12 "By un-der-stand-ing a machine-oriented lan-guage, the pro-gr
am-
 []

[7

]
Underfull \hbox (badness 10000) in paragraph at lines 120--123

 []

<picture2.png, id=34, 513.92pt x 513.92pt>
File: picture2.png Graphic file (type png)
 <use picture2.png>
Package pdftex.def Info: picture2.png used on input line 133.
(pdftex.def)             Requested size: 227.62204pt x 227.62328pt.
 [8 <./picture2.png>]
Underfull \hbox (badness 10000) in paragraph at lines 140--143

 []


Underfull \hbox (badness 10000) in paragraph at lines 163--163
[]\OT1/cmr/bx/n/12 Computer A
 []


Underfull \hbox (badness 10000) in paragraph at lines 163--163
\OT1/cmr/bx/n/12 run-time (in
 []


Underfull \hbox (badness 10000) in paragraph at lines 163--163
[]\OT1/cmr/bx/n/12 Computer B
 []


Underfull \hbox (badness 10000) in paragraph at lines 163--163
\OT1/cmr/bx/n/12 run-time (in
 []

[9] [10]
Overfull \hbox (98.04219pt too wide) in paragraph at lines 216--230
 [] 
 []

[11]
Chapter 3.
<picture3.jpg, id=53, 861.2175pt x 538.01pt>
File: picture3.jpg Graphic file (type jpg)
 <use picture3.jpg>
Package pdftex.def Info: picture3.jpg used on input line 240.
(pdftex.def)             Requested size: 861.2154pt x 538.00868pt.

<picture4.jpg, id=54, 546.04pt x 546.04pt>
File: picture4.jpg Graphic file (type jpg)
 <use picture4.jpg>
Package pdftex.def Info: picture4.jpg used on input line 241.
(pdftex.def)             Requested size: 546.03867pt x 546.03867pt.
 [12

 <./picture3.jpg> <./picture4.jpg>] (Projekt.lot)
\tf@lot=\write4
\openout4 = `Projekt.lot'.

 [13

] (Projekt.lof)
\tf@lof=\write5
\openout5 = `Projekt.lof'.

 (Projekt.bbl [14

])
[15

] (Projekt.aux) ) 
Here is how much of TeX's memory you used:
 2732 strings out of 493333
 35936 string characters out of 3139194
 101014 words of memory out of 3000000
 6201 multiletter control sequences out of 15000+200000
 14793 words of font info for 57 fonts, out of 3000000 for 9000
 1141 hyphenation exceptions out of 8191
 40i,14n,26p,1053b,324s stack positions out of 5000i,500n,10000p,200000b,50000s
 <C:\Users\Jacek\AppData\Local\MiKTeX\2.9\fonts\pk\ljfour\publ
ic\bbding\dpi720\bbding10.pk><F:/Program Files/MiKTeX 2.9/fonts/type1/public/am
sfonts/cm/cmbx12.pfb><F:/Program Files/MiKTeX 2.9/fonts/type1/public/amsfonts/c
m/cmex10.pfb><F:/Program Files/MiKTeX 2.9/fonts/type1/public/amsfonts/cm/cmmi12
.pfb><F:/Program Files/MiKTeX 2.9/fonts/type1/public/amsfonts/cm/cmmi6.pfb><F:/
Program Files/MiKTeX 2.9/fonts/type1/public/amsfonts/cm/cmmi8.pfb><F:/Program F
iles/MiKTeX 2.9/fonts/type1/public/amsfonts/cm/cmr10.pfb><F:/Program Files/MiKT
eX 2.9/fonts/type1/public/amsfonts/cm/cmr12.pfb><F:/Program Files/MiKTeX 2.9/fo
nts/type1/public/amsfonts/cm/cmr17.pfb><F:/Program Files/MiKTeX 2.9/fonts/type1
/public/amsfonts/cm/cmr6.pfb><F:/Program Files/MiKTeX 2.9/fonts/type1/public/am
sfonts/cm/cmr8.pfb><F:/Program Files/MiKTeX 2.9/fonts/type1/public/amsfonts/cm/
cmsl12.pfb><F:/Program Files/MiKTeX 2.9/fonts/type1/public/amsfonts/cm/cmsy10.p
fb><F:/Program Files/MiKTeX 2.9/fonts/type1/public/amsfonts/cm/cmsy8.pfb><F:/Pr
ogram Files/MiKTeX 2.9/fonts/type1/public/amsfonts/cm/cmti12.pfb>
Output written on Projekt.pdf (15 pages, 809558 bytes).
PDF statistics:
 116 PDF objects out of 1000 (max. 8388607)
 0 named destinations out of 1000 (max. 500000)
 21 words of extra memory for PDF output out of 10000 (max. 10000000)

